{"/Users/manjaridhoundiyal/Code/Portfolio/portfolio/src/App.tsx": {"path":"/Users/manjaridhoundiyal/Code/Portfolio/portfolio/src/App.tsx","statementMap":{"0":{"start":{"line":16,"column":2},"end":{"line":36,"column":null}},"1":{"start":{"line":18,"column":4},"end":{"line":34,"column":null}},"2":{"start":{"line":38,"column":25},"end":{"line":38,"column":null}},"3":{"start":{"line":40,"column":27},"end":{"line":40,"column":null}},"4":{"start":{"line":42,"column":17},"end":{"line":42,"column":null}},"5":{"start":{"line":43,"column":45},"end":{"line":66,"column":null}},"6":{"start":{"line":68,"column":26},"end":{"line":70,"column":null}},"7":{"start":{"line":69,"column":4},"end":{"line":69,"column":null}},"8":{"start":{"line":72,"column":28},"end":{"line":74,"column":null}},"9":{"start":{"line":73,"column":4},"end":{"line":73,"column":null}},"10":{"start":{"line":76,"column":2},"end":{"line":88,"column":null}}},"fnMap":{"0":{"name":"App","decl":{"start":{"line":14,"column":9},"end":{"line":14,"column":15}},"loc":{"start":{"line":14,"column":15},"end":{"line":90,"column":null}}},"1":{"name":"(anonymous_1)","decl":{"start":{"line":16,"column":12},"end":{"line":16,"column":16}},"loc":{"start":{"line":16,"column":16},"end":{"line":36,"column":4}}},"2":{"name":"(anonymous_2)","decl":{"start":{"line":68,"column":26},"end":{"line":68,"column":31}},"loc":{"start":{"line":68,"column":31},"end":{"line":70,"column":null}}},"3":{"name":"(anonymous_3)","decl":{"start":{"line":72,"column":28},"end":{"line":72,"column":33}},"loc":{"start":{"line":72,"column":33},"end":{"line":74,"column":null}}}},"branchMap":{},"s":{"0":3,"1":3,"2":3,"3":3,"4":3,"5":3,"6":3,"7":1,"8":3,"9":1,"10":3},"f":{"0":3,"1":3,"2":1,"3":1},"b":{}}
,"/Users/manjaridhoundiyal/Code/Portfolio/portfolio/src/main.tsx": {"path":"/Users/manjaridhoundiyal/Code/Portfolio/portfolio/src/main.tsx","statementMap":{"0":{"start":{"line":6,"column":0},"end":{"line":10,"column":null}}},"fnMap":{},"branchMap":{},"s":{"0":0},"f":{},"b":{}}
,"/Users/manjaridhoundiyal/Code/Portfolio/portfolio/src/Components/About.tsx": {"path":"/Users/manjaridhoundiyal/Code/Portfolio/portfolio/src/Components/About.tsx","statementMap":{"0":{"start":{"line":9,"column":14},"end":{"line":31,"column":null}},"1":{"start":{"line":10,"column":4},"end":{"line":29,"column":null}},"2":{"start":{"line":24,"column":61},"end":{"line":24,"column":110}}},"fnMap":{"0":{"name":"(anonymous_0)","decl":{"start":{"line":9,"column":25},"end":{"line":9,"column":26}},"loc":{"start":{"line":9,"column":89},"end":{"line":31,"column":1}}},"1":{"name":"(anonymous_1)","decl":{"start":{"line":24,"column":42},"end":{"line":24,"column":43}},"loc":{"start":{"line":24,"column":61},"end":{"line":24,"column":110}}}},"branchMap":{},"s":{"0":3,"1":6,"2":40},"f":{"0":6,"1":40},"b":{}}
,"/Users/manjaridhoundiyal/Code/Portfolio/portfolio/src/Components/Footer.tsx": {"path":"/Users/manjaridhoundiyal/Code/Portfolio/portfolio/src/Components/Footer.tsx","statementMap":{"0":{"start":{"line":6,"column":4},"end":{"line":7,"column":null}}},"fnMap":{"0":{"name":"Footer","decl":{"start":{"line":4,"column":9},"end":{"line":4,"column":18}},"loc":{"start":{"line":4,"column":18},"end":{"line":9,"column":null}}}},"branchMap":{},"s":{"0":4},"f":{"0":4},"b":{}}
,"/Users/manjaridhoundiyal/Code/Portfolio/portfolio/src/Components/Home.tsx": {"path":"/Users/manjaridhoundiyal/Code/Portfolio/portfolio/src/Components/Home.tsx","statementMap":{"0":{"start":{"line":17,"column":49},"end":{"line":41,"column":null}},"1":{"start":{"line":18,"column":4},"end":{"line":39,"column":null}}},"fnMap":{"0":{"name":"(anonymous_0)","decl":{"start":{"line":17,"column":49},"end":{"line":17,"column":50}},"loc":{"start":{"line":17,"column":107},"end":{"line":41,"column":null}}}},"branchMap":{},"s":{"0":2,"1":3},"f":{"0":3},"b":{}}
,"/Users/manjaridhoundiyal/Code/Portfolio/portfolio/src/Components/Navbar-Common.tsx": {"path":"/Users/manjaridhoundiyal/Code/Portfolio/portfolio/src/Components/Navbar-Common.tsx","statementMap":{"0":{"start":{"line":17,"column":19},"end":{"line":17,"column":null}},"1":{"start":{"line":18,"column":19},"end":{"line":18,"column":null}},"2":{"start":{"line":20,"column":26},"end":{"line":30,"column":null}},"3":{"start":{"line":21,"column":4},"end":{"line":29,"column":null}},"4":{"start":{"line":22,"column":6},"end":{"line":22,"column":null}},"5":{"start":{"line":25,"column":6},"end":{"line":25,"column":null}},"6":{"start":{"line":26,"column":6},"end":{"line":28,"column":null}},"7":{"start":{"line":27,"column":8},"end":{"line":27,"column":null}},"8":{"start":{"line":32,"column":29},"end":{"line":42,"column":null}},"9":{"start":{"line":33,"column":4},"end":{"line":41,"column":null}},"10":{"start":{"line":34,"column":6},"end":{"line":34,"column":null}},"11":{"start":{"line":37,"column":6},"end":{"line":37,"column":null}},"12":{"start":{"line":38,"column":6},"end":{"line":40,"column":null}},"13":{"start":{"line":39,"column":8},"end":{"line":39,"column":null}},"14":{"start":{"line":44,"column":2},"end":{"line":58,"column":null}}},"fnMap":{"0":{"name":"NavbarCommon","decl":{"start":{"line":16,"column":9},"end":{"line":16,"column":22}},"loc":{"start":{"line":16,"column":42},"end":{"line":60,"column":null}}},"1":{"name":"(anonymous_1)","decl":{"start":{"line":20,"column":26},"end":{"line":20,"column":31}},"loc":{"start":{"line":20,"column":31},"end":{"line":30,"column":null}}},"2":{"name":"(anonymous_2)","decl":{"start":{"line":26,"column":17},"end":{"line":26,"column":21}},"loc":{"start":{"line":26,"column":21},"end":{"line":28,"column":8}}},"3":{"name":"(anonymous_3)","decl":{"start":{"line":32,"column":29},"end":{"line":32,"column":34}},"loc":{"start":{"line":32,"column":34},"end":{"line":42,"column":null}}},"4":{"name":"(anonymous_4)","decl":{"start":{"line":38,"column":17},"end":{"line":38,"column":21}},"loc":{"start":{"line":38,"column":21},"end":{"line":40,"column":8}}}},"branchMap":{"0":{"loc":{"start":{"line":21,"column":4},"end":{"line":29,"column":null}},"type":"if","locations":[{"start":{"line":21,"column":4},"end":{"line":29,"column":null}},{"start":{"line":24,"column":8},"end":{"line":29,"column":null}}]},"1":{"loc":{"start":{"line":33,"column":4},"end":{"line":41,"column":null}},"type":"if","locations":[{"start":{"line":33,"column":4},"end":{"line":41,"column":null}},{"start":{"line":36,"column":8},"end":{"line":41,"column":null}}]}},"s":{"0":7,"1":7,"2":7,"3":2,"4":1,"5":1,"6":1,"7":1,"8":7,"9":2,"10":2,"11":0,"12":0,"13":0,"14":7},"f":{"0":7,"1":2,"2":1,"3":2,"4":0},"b":{"0":[1,1],"1":[2,0]}}
,"/Users/manjaridhoundiyal/Code/Portfolio/portfolio/src/Components/Projects.tsx": {"path":"/Users/manjaridhoundiyal/Code/Portfolio/portfolio/src/Components/Projects.tsx","statementMap":{"0":{"start":{"line":11,"column":17},"end":{"line":39,"column":null}},"1":{"start":{"line":13,"column":4},"end":{"line":15,"column":null}},"2":{"start":{"line":14,"column":8},"end":{"line":14,"column":null}},"3":{"start":{"line":16,"column":4},"end":{"line":37,"column":null}},"4":{"start":{"line":21,"column":56},"end":{"line":35,"column":22}}},"fnMap":{"0":{"name":"(anonymous_0)","decl":{"start":{"line":11,"column":28},"end":{"line":11,"column":29}},"loc":{"start":{"line":11,"column":92},"end":{"line":39,"column":1}}},"1":{"name":"(anonymous_1)","decl":{"start":{"line":13,"column":14},"end":{"line":13,"column":20}},"loc":{"start":{"line":13,"column":20},"end":{"line":15,"column":7}}},"2":{"name":"(anonymous_2)","decl":{"start":{"line":21,"column":36},"end":{"line":21,"column":37}},"loc":{"start":{"line":21,"column":56},"end":{"line":35,"column":22}}}},"branchMap":{"0":{"loc":{"start":{"line":21,"column":84},"end":{"line":21,"column":null}},"type":"cond-expr","locations":[{"start":{"line":21,"column":102},"end":{"line":21,"column":110}},{"start":{"line":21,"column":110},"end":{"line":21,"column":null}}]}},"s":{"0":3,"1":6,"2":6,"3":6,"4":16},"f":{"0":6,"1":6,"2":16},"b":{"0":[8,8]}}
,"/Users/manjaridhoundiyal/Code/Portfolio/portfolio/src/Components/Resume.tsx": {"path":"/Users/manjaridhoundiyal/Code/Portfolio/portfolio/src/Components/Resume.tsx","statementMap":{"0":{"start":{"line":9,"column":0},"end":{"line":9,"column":null}},"1":{"start":{"line":15,"column":40},"end":{"line":15,"column":null}},"2":{"start":{"line":16,"column":48},"end":{"line":16,"column":null}},"3":{"start":{"line":18,"column":4},"end":{"line":20,"column":null}},"4":{"start":{"line":19,"column":8},"end":{"line":19,"column":null}},"5":{"start":{"line":22,"column":21},"end":{"line":25,"column":null}},"6":{"start":{"line":23,"column":8},"end":{"line":23,"column":null}},"7":{"start":{"line":24,"column":8},"end":{"line":24,"column":null}},"8":{"start":{"line":27,"column":21},"end":{"line":30,"column":null}},"9":{"start":{"line":28,"column":8},"end":{"line":28,"column":null}},"10":{"start":{"line":29,"column":8},"end":{"line":29,"column":null}},"11":{"start":{"line":32,"column":4},"end":{"line":61,"column":null}}},"fnMap":{"0":{"name":"Resume","decl":{"start":{"line":14,"column":9},"end":{"line":14,"column":18}},"loc":{"start":{"line":14,"column":18},"end":{"line":63,"column":null}}},"1":{"name":"(anonymous_1)","decl":{"start":{"line":18,"column":14},"end":{"line":18,"column":18}},"loc":{"start":{"line":18,"column":18},"end":{"line":20,"column":6}}},"2":{"name":"(anonymous_2)","decl":{"start":{"line":22,"column":21},"end":{"line":22,"column":27}},"loc":{"start":{"line":22,"column":27},"end":{"line":25,"column":null}}},"3":{"name":"(anonymous_3)","decl":{"start":{"line":27,"column":21},"end":{"line":27,"column":27}},"loc":{"start":{"line":27,"column":27},"end":{"line":30,"column":null}}}},"branchMap":{},"s":{"0":2,"1":8,"2":8,"3":8,"4":8,"5":8,"6":1,"7":1,"8":8,"9":3,"10":3,"11":8},"f":{"0":8,"1":8,"2":1,"3":3},"b":{}}
,"/Users/manjaridhoundiyal/Code/Portfolio/portfolio/src/Components/SocialLink.tsx": {"path":"/Users/manjaridhoundiyal/Code/Portfolio/portfolio/src/Components/SocialLink.tsx","statementMap":{"0":{"start":{"line":6,"column":19},"end":{"line":16,"column":null}},"1":{"start":{"line":8,"column":4},"end":{"line":13,"column":null}}},"fnMap":{"0":{"name":"(anonymous_0)","decl":{"start":{"line":6,"column":19},"end":{"line":6,"column":25}},"loc":{"start":{"line":6,"column":25},"end":{"line":16,"column":null}}}},"branchMap":{},"s":{"0":3,"1":4},"f":{"0":4},"b":{}}
,"/Users/manjaridhoundiyal/Code/Portfolio/portfolio/src/Components/Typewriter-String.tsx": {"path":"/Users/manjaridhoundiyal/Code/Portfolio/portfolio/src/Components/Typewriter-String.tsx","statementMap":{"0":{"start":{"line":5,"column":4},"end":{"line":13,"column":null}}},"fnMap":{"0":{"name":"TypewriterString","decl":{"start":{"line":3,"column":9},"end":{"line":3,"column":26}},"loc":{"start":{"line":4,"column":24},"end":{"line":15,"column":null}}}},"branchMap":{},"s":{"0":4},"f":{"0":4},"b":{}}
}
